<?xml version="1.0" encoding="UTF-8"?>
<!-- Generated by org.testng.reporters.JUnitReportReporter -->
<testsuite skipped="0" hostname="New8" name="com.bst.cucumber.CucumberTest" tests="1" failures="0" timestamp="2024-03-08T11:45:28 IST" time="40.616" errors="0">
  <testcase name="runScenario" time="40.616" classname="com.bst.cucumber.CucumberTest"/>
  <system-out/>
</testsuite> <!-- com.bst.cucumber.CucumberTest -->
