<?xml version="1.0" encoding="UTF-8"?>
<!-- Generated by org.testng.reporters.JUnitReportReporter -->
<testsuite hostname="New8" failures="0" tests="3" name="com.bst.cucumber.CucumberTest" time="26.194" errors="0" timestamp="2024-03-08T10:10:30 IST" skipped="0">
  <testcase classname="com.bst.cucumber.CucumberTest" name="runScenario" time="5.303"/>
  <system-out/>
  <testcase classname="com.bst.cucumber.CucumberTest" name="runScenario" time="14.998"/>
  <system-out/>
  <testcase classname="com.bst.cucumber.CucumberTest" name="runScenario" time="5.893"/>
  <system-out/>
</testsuite> <!-- com.bst.cucumber.CucumberTest -->
